2015-10-14 18:00:35 INFO  br.ita.automaton.test.DFAMinimizerTest.testMinimize:75 - testMinimize
2015-10-14 18:00:35 DEBUG br.ita.automaton.test.DFAMinimizerTest.createMinimizedAutomaton:152 - set = [State: 2, State: 7] | minimizedState = State: 8, NFA states: null
2015-10-14 18:00:35 DEBUG br.ita.automaton.test.DFAMinimizerTest.createMinimizedAutomaton:152 - set = [State: 0, State: 4, State: 5] | minimizedState = State: 9, NFA states: null
2015-10-14 18:00:35 DEBUG br.ita.automaton.test.DFAMinimizerTest.createMinimizedAutomaton:152 - set = [State: 3] | minimizedState = State: 10, NFA states: null
2015-10-14 18:00:35 DEBUG br.ita.automaton.test.DFAMinimizerTest.createMinimizedAutomaton:152 - set = [State: 1] | minimizedState = State: 11, NFA states: null
2015-10-14 18:00:35 DEBUG br.ita.automaton.test.DFAMinimizerTest.createMinimizedAutomaton:152 - set = [State: 6] | minimizedState = State: 12, NFA states: null
2015-10-14 18:00:35 DEBUG br.ita.automaton.test.DFAMinimizerTest.createMinimizedAutomaton:159 - set = [State: 2, State: 7]
2015-10-14 18:00:35 DEBUG br.ita.automaton.test.DFAMinimizerTest.createMinimizedAutomaton:176 - minimizedState = State: 8, NFA states: null | minimizedToState = State: 10, NFA states: null | TransitionType.CHARACTER = CHARACTER | c = a
2015-10-14 18:00:35 DEBUG br.ita.automaton.test.DFAMinimizerTest.createMinimizedAutomaton:176 - minimizedState = State: 8, NFA states: null | minimizedToState = State: 12, NFA states: null | TransitionType.CHARACTER = CHARACTER | c = b
2015-10-14 18:00:35 DEBUG br.ita.automaton.test.DFAMinimizerTest.createMinimizedAutomaton:159 - set = [State: 0, State: 4, State: 5]
2015-10-14 18:00:35 DEBUG br.ita.automaton.test.DFAMinimizerTest.createMinimizedAutomaton:176 - minimizedState = State: 9, NFA states: null | minimizedToState = State: 11, NFA states: null | TransitionType.CHARACTER = CHARACTER | c = a
2015-10-14 18:00:35 DEBUG br.ita.automaton.test.DFAMinimizerTest.createMinimizedAutomaton:176 - minimizedState = State: 9, NFA states: null | minimizedToState = State: 9, NFA states: null | TransitionType.CHARACTER = CHARACTER | c = b
2015-10-14 18:00:35 DEBUG br.ita.automaton.test.DFAMinimizerTest.createMinimizedAutomaton:159 - set = [State: 3]
2015-10-14 18:00:35 DEBUG br.ita.automaton.test.DFAMinimizerTest.createMinimizedAutomaton:176 - minimizedState = State: 10, NFA states: null | minimizedToState = State: 10, NFA states: null | TransitionType.CHARACTER = CHARACTER | c = a
2015-10-14 18:00:35 DEBUG br.ita.automaton.test.DFAMinimizerTest.createMinimizedAutomaton:176 - minimizedState = State: 10, NFA states: null | minimizedToState = State: 10, NFA states: null | TransitionType.CHARACTER = CHARACTER | c = b
2015-10-14 18:00:35 DEBUG br.ita.automaton.test.DFAMinimizerTest.createMinimizedAutomaton:159 - set = [State: 1]
2015-10-14 18:00:35 DEBUG br.ita.automaton.test.DFAMinimizerTest.createMinimizedAutomaton:176 - minimizedState = State: 11, NFA states: null | minimizedToState = State: 9, NFA states: null | TransitionType.CHARACTER = CHARACTER | c = a
2015-10-14 18:00:35 DEBUG br.ita.automaton.test.DFAMinimizerTest.createMinimizedAutomaton:176 - minimizedState = State: 11, NFA states: null | minimizedToState = State: 8, NFA states: null | TransitionType.CHARACTER = CHARACTER | c = b
2015-10-14 18:00:35 DEBUG br.ita.automaton.test.DFAMinimizerTest.createMinimizedAutomaton:159 - set = [State: 6]
2015-10-14 18:00:35 DEBUG br.ita.automaton.test.DFAMinimizerTest.createMinimizedAutomaton:176 - minimizedState = State: 12, NFA states: null | minimizedToState = State: 10, NFA states: null | TransitionType.CHARACTER = CHARACTER | c = a
2015-10-14 18:00:35 DEBUG br.ita.automaton.test.DFAMinimizerTest.createMinimizedAutomaton:176 - minimizedState = State: 12, NFA states: null | minimizedToState = State: 8, NFA states: null | TransitionType.CHARACTER = CHARACTER | c = b
2015-10-14 18:00:35 DEBUG br.ita.automaton.test.DFAMinimizerTest.createMinimizedAutomaton:206 - getInitialState = [State: 9, NFA states: null]
2015-10-14 18:00:35 DEBUG br.ita.automaton.test.DFAMinimizerTest.createMinimizedAutomaton:207 - getAlphabet = [a, b]
2015-10-14 18:00:35 DEBUG br.ita.automaton.test.DFAMinimizerTest.createMinimizedAutomaton:211 - getState = [State: 9, NFA states: null, State: 8, NFA states: null]
2015-10-14 18:00:35 DEBUG br.ita.automaton.test.DFAMinimizerTest.createMinimizedAutomaton:212 - getAlphabet = [a, b]
2015-10-14 18:00:35 DEBUG br.ita.automaton.test.DFAMinimizerTest.createMinimizedAutomaton:211 - getState = [State: 9, NFA states: null, State: 8, NFA states: null, State: 10, NFA states: null]
2015-10-14 18:00:35 DEBUG br.ita.automaton.test.DFAMinimizerTest.createMinimizedAutomaton:212 - getAlphabet = [a, b]
2015-10-14 18:00:35 DEBUG br.ita.automaton.test.DFAMinimizerTest.createMinimizedAutomaton:211 - getState = [State: 9, NFA states: null, State: 8, NFA states: null, State: 10, NFA states: null, State: 11, NFA states: null]
2015-10-14 18:00:35 DEBUG br.ita.automaton.test.DFAMinimizerTest.createMinimizedAutomaton:212 - getAlphabet = [a, b]
2015-10-14 18:00:35 DEBUG br.ita.automaton.test.DFAMinimizerTest.createMinimizedAutomaton:211 - getState = [State: 9, NFA states: null, State: 8, NFA states: null, State: 10, NFA states: null, State: 11, NFA states: null, State: 12, NFA states: null]
2015-10-14 18:00:35 DEBUG br.ita.automaton.test.DFAMinimizerTest.createMinimizedAutomaton:212 - getAlphabet = [a, b]
2015-10-14 18:00:35 DEBUG br.ita.automaton.test.DFAMinimizerTest.createMinimizedAutomaton:215 - getFinalStates = [State: 8, NFA states: null]
2015-10-14 18:01:02 INFO  br.ita.automaton.test.DFAMinimizerTest.testMinimize:75 - testMinimize
2015-10-14 18:01:02 DEBUG br.ita.automaton.test.DFAMinimizerTest.createMinimizedAutomaton:152 - set = [State: 2, State: 7] | minimizedState = State: 8, NFA states: null
2015-10-14 18:01:02 DEBUG br.ita.automaton.test.DFAMinimizerTest.createMinimizedAutomaton:152 - set = [State: 0, State: 4, State: 5] | minimizedState = State: 9, NFA states: null
2015-10-14 18:01:02 DEBUG br.ita.automaton.test.DFAMinimizerTest.createMinimizedAutomaton:152 - set = [State: 3] | minimizedState = State: 10, NFA states: null
2015-10-14 18:01:02 DEBUG br.ita.automaton.test.DFAMinimizerTest.createMinimizedAutomaton:152 - set = [State: 1] | minimizedState = State: 11, NFA states: null
2015-10-14 18:01:02 DEBUG br.ita.automaton.test.DFAMinimizerTest.createMinimizedAutomaton:152 - set = [State: 6] | minimizedState = State: 12, NFA states: null
2015-10-14 18:01:02 DEBUG br.ita.automaton.test.DFAMinimizerTest.createMinimizedAutomaton:159 - set = [State: 2, State: 7]
2015-10-14 18:01:02 DEBUG br.ita.automaton.test.DFAMinimizerTest.createMinimizedAutomaton:176 - minimizedState = State: 8, NFA states: null | minimizedToState = State: 10, NFA states: null | TransitionType.CHARACTER = CHARACTER | c = a
2015-10-14 18:01:02 DEBUG br.ita.automaton.test.DFAMinimizerTest.createMinimizedAutomaton:176 - minimizedState = State: 8, NFA states: null | minimizedToState = State: 12, NFA states: null | TransitionType.CHARACTER = CHARACTER | c = b
2015-10-14 18:01:02 DEBUG br.ita.automaton.test.DFAMinimizerTest.createMinimizedAutomaton:159 - set = [State: 0, State: 4, State: 5]
2015-10-14 18:01:02 DEBUG br.ita.automaton.test.DFAMinimizerTest.createMinimizedAutomaton:176 - minimizedState = State: 9, NFA states: null | minimizedToState = State: 11, NFA states: null | TransitionType.CHARACTER = CHARACTER | c = a
2015-10-14 18:01:02 DEBUG br.ita.automaton.test.DFAMinimizerTest.createMinimizedAutomaton:176 - minimizedState = State: 9, NFA states: null | minimizedToState = State: 9, NFA states: null | TransitionType.CHARACTER = CHARACTER | c = b
2015-10-14 18:01:02 DEBUG br.ita.automaton.test.DFAMinimizerTest.createMinimizedAutomaton:159 - set = [State: 3]
2015-10-14 18:01:02 DEBUG br.ita.automaton.test.DFAMinimizerTest.createMinimizedAutomaton:176 - minimizedState = State: 10, NFA states: null | minimizedToState = State: 10, NFA states: null | TransitionType.CHARACTER = CHARACTER | c = a
2015-10-14 18:01:02 DEBUG br.ita.automaton.test.DFAMinimizerTest.createMinimizedAutomaton:176 - minimizedState = State: 10, NFA states: null | minimizedToState = State: 10, NFA states: null | TransitionType.CHARACTER = CHARACTER | c = b
2015-10-14 18:01:02 DEBUG br.ita.automaton.test.DFAMinimizerTest.createMinimizedAutomaton:159 - set = [State: 1]
2015-10-14 18:01:02 DEBUG br.ita.automaton.test.DFAMinimizerTest.createMinimizedAutomaton:176 - minimizedState = State: 11, NFA states: null | minimizedToState = State: 9, NFA states: null | TransitionType.CHARACTER = CHARACTER | c = a
2015-10-14 18:01:02 DEBUG br.ita.automaton.test.DFAMinimizerTest.createMinimizedAutomaton:176 - minimizedState = State: 11, NFA states: null | minimizedToState = State: 8, NFA states: null | TransitionType.CHARACTER = CHARACTER | c = b
2015-10-14 18:01:02 DEBUG br.ita.automaton.test.DFAMinimizerTest.createMinimizedAutomaton:159 - set = [State: 6]
2015-10-14 18:01:02 DEBUG br.ita.automaton.test.DFAMinimizerTest.createMinimizedAutomaton:176 - minimizedState = State: 12, NFA states: null | minimizedToState = State: 10, NFA states: null | TransitionType.CHARACTER = CHARACTER | c = a
2015-10-14 18:01:02 DEBUG br.ita.automaton.test.DFAMinimizerTest.createMinimizedAutomaton:176 - minimizedState = State: 12, NFA states: null | minimizedToState = State: 8, NFA states: null | TransitionType.CHARACTER = CHARACTER | c = b
2015-10-14 18:01:02 DEBUG br.ita.automaton.test.DFAMinimizerTest.createMinimizedAutomaton:206 - getInitialState = [State: 9, NFA states: null]
2015-10-14 18:01:02 DEBUG br.ita.automaton.test.DFAMinimizerTest.createMinimizedAutomaton:207 - getAlphabet = [a, b]
2015-10-14 18:01:02 DEBUG br.ita.automaton.test.DFAMinimizerTest.createMinimizedAutomaton:211 - getState = [State: 9, NFA states: null, State: 8, NFA states: null]
2015-10-14 18:01:02 DEBUG br.ita.automaton.test.DFAMinimizerTest.createMinimizedAutomaton:212 - getAlphabet = [a, b]
2015-10-14 18:01:02 DEBUG br.ita.automaton.test.DFAMinimizerTest.createMinimizedAutomaton:211 - getState = [State: 9, NFA states: null, State: 8, NFA states: null, State: 10, NFA states: null]
2015-10-14 18:01:02 DEBUG br.ita.automaton.test.DFAMinimizerTest.createMinimizedAutomaton:212 - getAlphabet = [a, b]
2015-10-14 18:01:02 DEBUG br.ita.automaton.test.DFAMinimizerTest.createMinimizedAutomaton:211 - getState = [State: 9, NFA states: null, State: 8, NFA states: null, State: 10, NFA states: null, State: 11, NFA states: null]
2015-10-14 18:01:02 DEBUG br.ita.automaton.test.DFAMinimizerTest.createMinimizedAutomaton:212 - getAlphabet = [a, b]
2015-10-14 18:01:02 DEBUG br.ita.automaton.test.DFAMinimizerTest.createMinimizedAutomaton:211 - getState = [State: 9, NFA states: null, State: 8, NFA states: null, State: 10, NFA states: null, State: 11, NFA states: null, State: 12, NFA states: null]
2015-10-14 18:01:02 DEBUG br.ita.automaton.test.DFAMinimizerTest.createMinimizedAutomaton:212 - getAlphabet = [a, b]
2015-10-14 18:01:02 DEBUG br.ita.automaton.test.DFAMinimizerTest.createMinimizedAutomaton:215 - getFinalStates = [State: 8, NFA states: null]
2015-10-14 18:07:58 INFO  br.ita.automaton.test.DFAMinimizerTest.testMinimize:75 - testMinimize
2015-10-14 18:07:58 DEBUG br.ita.automaton.test.DFAMinimizerTest.createMinimizedAutomaton:152 - set = [State: 42, State: 47] | minimizedState = State: 48, NFA states: null
2015-10-14 18:07:58 DEBUG br.ita.automaton.test.DFAMinimizerTest.createMinimizedAutomaton:152 - set = [State: 40, State: 44, State: 45] | minimizedState = State: 49, NFA states: null
2015-10-14 18:07:58 DEBUG br.ita.automaton.test.DFAMinimizerTest.createMinimizedAutomaton:152 - set = [State: 43] | minimizedState = State: 50, NFA states: null
2015-10-14 18:07:58 DEBUG br.ita.automaton.test.DFAMinimizerTest.createMinimizedAutomaton:152 - set = [State: 41] | minimizedState = State: 51, NFA states: null
2015-10-14 18:07:58 DEBUG br.ita.automaton.test.DFAMinimizerTest.createMinimizedAutomaton:152 - set = [State: 46] | minimizedState = State: 52, NFA states: null
2015-10-14 18:07:58 DEBUG br.ita.automaton.test.DFAMinimizerTest.createMinimizedAutomaton:159 - set = [State: 42, State: 47]
2015-10-14 18:07:58 DEBUG br.ita.automaton.test.DFAMinimizerTest.createMinimizedAutomaton:176 - minimizedState = State: 48, NFA states: null | minimizedToState = State: 50, NFA states: null | TransitionType.CHARACTER = CHARACTER | c = a
2015-10-14 18:07:58 DEBUG br.ita.automaton.test.DFAMinimizerTest.createMinimizedAutomaton:176 - minimizedState = State: 48, NFA states: null | minimizedToState = State: 52, NFA states: null | TransitionType.CHARACTER = CHARACTER | c = b
2015-10-14 18:07:58 DEBUG br.ita.automaton.test.DFAMinimizerTest.createMinimizedAutomaton:159 - set = [State: 40, State: 44, State: 45]
2015-10-14 18:07:58 DEBUG br.ita.automaton.test.DFAMinimizerTest.createMinimizedAutomaton:176 - minimizedState = State: 49, NFA states: null | minimizedToState = State: 51, NFA states: null | TransitionType.CHARACTER = CHARACTER | c = a
2015-10-14 18:07:58 DEBUG br.ita.automaton.test.DFAMinimizerTest.createMinimizedAutomaton:176 - minimizedState = State: 49, NFA states: null | minimizedToState = State: 49, NFA states: null | TransitionType.CHARACTER = CHARACTER | c = b
2015-10-14 18:07:58 DEBUG br.ita.automaton.test.DFAMinimizerTest.createMinimizedAutomaton:159 - set = [State: 43]
2015-10-14 18:07:58 DEBUG br.ita.automaton.test.DFAMinimizerTest.createMinimizedAutomaton:176 - minimizedState = State: 50, NFA states: null | minimizedToState = State: 50, NFA states: null | TransitionType.CHARACTER = CHARACTER | c = a
2015-10-14 18:07:58 DEBUG br.ita.automaton.test.DFAMinimizerTest.createMinimizedAutomaton:176 - minimizedState = State: 50, NFA states: null | minimizedToState = State: 50, NFA states: null | TransitionType.CHARACTER = CHARACTER | c = b
2015-10-14 18:07:58 DEBUG br.ita.automaton.test.DFAMinimizerTest.createMinimizedAutomaton:159 - set = [State: 41]
2015-10-14 18:07:58 DEBUG br.ita.automaton.test.DFAMinimizerTest.createMinimizedAutomaton:176 - minimizedState = State: 51, NFA states: null | minimizedToState = State: 49, NFA states: null | TransitionType.CHARACTER = CHARACTER | c = a
2015-10-14 18:07:58 DEBUG br.ita.automaton.test.DFAMinimizerTest.createMinimizedAutomaton:176 - minimizedState = State: 51, NFA states: null | minimizedToState = State: 48, NFA states: null | TransitionType.CHARACTER = CHARACTER | c = b
2015-10-14 18:07:58 DEBUG br.ita.automaton.test.DFAMinimizerTest.createMinimizedAutomaton:159 - set = [State: 46]
2015-10-14 18:07:58 DEBUG br.ita.automaton.test.DFAMinimizerTest.createMinimizedAutomaton:176 - minimizedState = State: 52, NFA states: null | minimizedToState = State: 50, NFA states: null | TransitionType.CHARACTER = CHARACTER | c = a
2015-10-14 18:07:58 DEBUG br.ita.automaton.test.DFAMinimizerTest.createMinimizedAutomaton:176 - minimizedState = State: 52, NFA states: null | minimizedToState = State: 48, NFA states: null | TransitionType.CHARACTER = CHARACTER | c = b
2015-10-14 18:07:58 DEBUG br.ita.automaton.test.DFAMinimizerTest.createMinimizedAutomaton:206 - getInitialState = [State: 49, NFA states: null]
2015-10-14 18:07:58 DEBUG br.ita.automaton.test.DFAMinimizerTest.createMinimizedAutomaton:207 - getAlphabet = [a, b]
2015-10-14 18:07:58 DEBUG br.ita.automaton.test.DFAMinimizerTest.createMinimizedAutomaton:211 - getState = [State: 49, NFA states: null, State: 48, NFA states: null]
2015-10-14 18:07:58 DEBUG br.ita.automaton.test.DFAMinimizerTest.createMinimizedAutomaton:212 - getAlphabet = [a, b]
2015-10-14 18:07:58 DEBUG br.ita.automaton.test.DFAMinimizerTest.createMinimizedAutomaton:211 - getState = [State: 49, NFA states: null, State: 48, NFA states: null, State: 50, NFA states: null]
2015-10-14 18:07:58 DEBUG br.ita.automaton.test.DFAMinimizerTest.createMinimizedAutomaton:212 - getAlphabet = [a, b]
2015-10-14 18:07:58 DEBUG br.ita.automaton.test.DFAMinimizerTest.createMinimizedAutomaton:211 - getState = [State: 49, NFA states: null, State: 48, NFA states: null, State: 50, NFA states: null, State: 51, NFA states: null]
2015-10-14 18:07:58 DEBUG br.ita.automaton.test.DFAMinimizerTest.createMinimizedAutomaton:212 - getAlphabet = [a, b]
2015-10-14 18:07:58 DEBUG br.ita.automaton.test.DFAMinimizerTest.createMinimizedAutomaton:211 - getState = [State: 49, NFA states: null, State: 48, NFA states: null, State: 50, NFA states: null, State: 51, NFA states: null, State: 52, NFA states: null]
2015-10-14 18:07:58 DEBUG br.ita.automaton.test.DFAMinimizerTest.createMinimizedAutomaton:212 - getAlphabet = [a, b]
2015-10-14 18:07:58 DEBUG br.ita.automaton.test.DFAMinimizerTest.createMinimizedAutomaton:215 - getFinalStates = [State: 48, NFA states: null]
